
> backend@1.0.0 start
> npx ts-node ./server.ts

Error: listen EADDRINUSE: address already in use :::3000
    at Server.setupListenHandle [as _listen2] (node:net:1372:16)
    at listenInCluster (node:net:1420:12)
    at Server.listen (node:net:1508:7)
    at Function.listen (/home/quest/UTMQuest/backend/node_modules/express/lib/application.js:635:24)
    at /home/quest/UTMQuest/backend/server.ts:44:7
    at Generator.next (<anonymous>)
    at /home/quest/UTMQuest/backend/server.ts:8:71
    at new Promise (<anonymous>)
    at __awaiter (/home/quest/UTMQuest/backend/server.ts:4:12)
    at /home/quest/UTMQuest/backend/server.ts:43:19 {
  code: 'EADDRINUSE',
  errno: -98,
  syscall: 'listen',
  address: '::',
  port: 3000
}
Error: listen EADDRINUSE: address already in use :::3000
    at Server.setupListenHandle [as _listen2] (node:net:1372:16)
    at listenInCluster (node:net:1420:12)
    at Server.listen (node:net:1508:7)
    at Function.listen (/home/quest/UTMQuest/backend/node_modules/express/lib/application.js:635:24)
    at /home/quest/UTMQuest/backend/server.ts:44:7
    at Generator.next (<anonymous>)
    at /home/quest/UTMQuest/backend/server.ts:8:71
    at new Promise (<anonymous>)
    at __awaiter (/home/quest/UTMQuest/backend/server.ts:4:12)
    at /home/quest/UTMQuest/backend/server.ts:43:19 {
  code: 'EADDRINUSE',
  errno: -98,
  syscall: 'listen',
  address: '::',
  port: 3000
}
